<?xml version="1.0" encoding="UTF-8"?>
<!-- Generated by org.testng.reporters.JUnitXMLReporter -->
<testsuite ignored="4" hostname="SLTB233" failures="0" tests="3" name="Employee Timesheet Flow" time="77.415" errors="0" timestamp="2025-06-23T15:57:33 IST">
  <testcase classname="testcases.loginTest" name="testLogin" time="8.201"/>
  <testcase classname="testcases.timesheetTest" name="testCreateTimesheet" time="64.826"/>
  <testcase classname="testcases.logoutTest" name="testLogout" time="4.296"/>
  <testcase classname="base.baseTest" name="@AfterSuite tearDown" time="0.0">
    <ignored/>
  </testcase> <!-- @AfterSuite tearDown -->
  <testcase classname="base.baseTest" name="@AfterSuite tearDown" time="0.0">
    <ignored/>
  </testcase> <!-- @AfterSuite tearDown -->
  <testcase classname="base.baseTest" name="@BeforeSuite setUp" time="0.0">
    <ignored/>
  </testcase> <!-- @BeforeSuite setUp -->
  <testcase classname="base.baseTest" name="@BeforeSuite setUp" time="0.0">
    <ignored/>
  </testcase> <!-- @BeforeSuite setUp -->
</testsuite> <!-- Employee Timesheet Flow -->
