<?xml version="1.0" encoding="UTF-8"?>
<!-- Generated by org.testng.reporters.JUnitXMLReporter -->
<testsuite ignored="4" hostname="SLTB233" failures="0" tests="3" name="Manager Approval Flow" time="60.577" errors="0" timestamp="2025-06-23T15:58:34 IST">
  <testcase classname="testcases.managerLoginTest" name="testManagerLogin" time="12.88"/>
  <testcase classname="testcases.managerTimesheetApprovalTest" name="approveTimesheet" time="43.391"/>
  <testcase classname="testcases.logoutTest" name="testLogout" time="4.288"/>
  <testcase classname="base.baseTest" name="@BeforeSuite setUp" time="0.0">
    <ignored/>
  </testcase> <!-- @BeforeSuite setUp -->
  <testcase classname="base.baseTest" name="@AfterSuite tearDown" time="0.0">
    <ignored/>
  </testcase> <!-- @AfterSuite tearDown -->
  <testcase classname="base.baseTest" name="@AfterSuite tearDown" time="0.0">
    <ignored/>
  </testcase> <!-- @AfterSuite tearDown -->
  <testcase classname="base.baseTest" name="@BeforeSuite setUp" time="0.0">
    <ignored/>
  </testcase> <!-- @BeforeSuite setUp -->
</testsuite> <!-- Manager Approval Flow -->
